<?xml version="1.0" encoding="UTF-8" ?>
<testsuite errors="0" tests="3" time="0.797" failures="2" name="org.seasar.flex2.util.transfer.annotation.handler.AnnotationHandlerFactoryTest">
  <properties>
    <property value="Java(TM) 2 Runtime Environment, Standard Edition" name="java.runtime.name"/>
    <property value="C:\j2sdk1.4.2_08\jre\bin" name="sun.boot.library.path"/>
    <property value="1.4.2_08-b03" name="java.vm.version"/>
    <property value="Sun Microsystems Inc." name="java.vm.vendor"/>
    <property value="http://java.sun.com/" name="java.vendor.url"/>
    <property value=";" name="path.separator"/>
    <property value="Java HotSpot(TM) Client VM" name="java.vm.name"/>
    <property value="sun.io" name="file.encoding.pkg"/>
    <property value="JP" name="user.country"/>
    <property value="Service Pack 1" name="sun.os.patch.level"/>
    <property value="Java Virtual Machine Specification" name="java.vm.specification.name"/>
    <property value="C:\workspace\s2flex2_backport175" name="user.dir"/>
    <property value="1.4.2_08-b03" name="java.runtime.version"/>
    <property value="sun.awt.Win32GraphicsEnvironment" name="java.awt.graphicsenv"/>
    <property value="C:\workspace\s2flex2_backport175" name="basedir"/>
    <property value="C:\j2sdk1.4.2_08\jre\lib\endorsed" name="java.endorsed.dirs"/>
    <property value="x86" name="os.arch"/>
    <property value="C:\DOCUME~1\jfuna\LOCALS~1\Temp\" name="java.io.tmpdir"/>
    <property value="
" name="line.separator"/>
    <property value="Sun Microsystems Inc." name="java.vm.specification.vendor"/>
    <property value="" name="user.variant"/>
    <property value="Windows XP" name="os.name"/>
    <property value="" name="sun.java2d.fontpath"/>
    <property value="c:\maven-2.0.2\bin\m2.conf" name="classworlds.conf"/>
    <property value="C:\j2sdk1.4.2_08\bin;.;C:\WINDOWS\System32;C:\WINDOWS;C:\j2sdk1.4.2_08\nin;c:\maven-2.0.2\bin;C:\oracle\ora92\bin;C:\Program Files\Oracle\jre\1.1.8\bin;C:\CFusionMX7\verity\k2\_nti40\bin;C:\WINDOWS\system32;C:\WINDOWS;C:\WINDOWS\System32\Wbem;c:\mtasc;C:\Program Files\Network Associates\PGPNT;c:\maven-2.0.2\bin;C:\oracle\ora92\bin;C:\Program Files\Oracle\jre\1.1.8\bin;C:\CFusionMX7\verity\k2\_nti40\bin;C:\WINDOWS\system32;C:\WINDOWS;C:\WINDOWS\System32\Wbem;c:\mtasc;C:\Program Files\Network Associates\PGPNT;c:\apache-ant-1.6.5\bin" name="java.library.path"/>
    <property value="Java Platform API Specification" name="java.specification.name"/>
    <property value="48.0" name="java.class.version"/>
    <property value="java.util.prefs.WindowsPreferencesFactory" name="java.util.prefs.PreferencesFactory"/>
    <property value="5.1" name="os.version"/>
    <property value="C:\Documents and Settings\jfuna" name="user.home"/>
    <property value="Asia/Tokyo" name="user.timezone"/>
    <property value="sun.awt.windows.WPrinterJob" name="java.awt.printerjob"/>
    <property value="MS932" name="file.encoding"/>
    <property value="1.4" name="java.specification.version"/>
    <property value="jfuna" name="user.name"/>
    <property value="c:\maven-2.0.2\core\boot\classworlds-1.1.jar" name="java.class.path"/>
    <property value="1.0" name="java.vm.specification.version"/>
    <property value="32" name="sun.arch.data.model"/>
    <property value="C:\j2sdk1.4.2_08\jre" name="java.home"/>
    <property value="Sun Microsystems Inc." name="java.specification.vendor"/>
    <property value="ja" name="user.language"/>
    <property value="sun.awt.windows.WToolkit" name="awt.toolkit"/>
    <property value="mixed mode" name="java.vm.info"/>
    <property value="1.4.2_08" name="java.version"/>
    <property value="C:\j2sdk1.4.2_08\jre\lib\ext" name="java.ext.dirs"/>
    <property value="C:\j2sdk1.4.2_08\jre\lib\rt.jar;C:\j2sdk1.4.2_08\jre\lib\i18n.jar;C:\j2sdk1.4.2_08\jre\lib\sunrsasign.jar;C:\j2sdk1.4.2_08\jre\lib\jsse.jar;C:\j2sdk1.4.2_08\jre\lib\jce.jar;C:\j2sdk1.4.2_08\jre\lib\charsets.jar;C:\j2sdk1.4.2_08\jre\classes" name="sun.boot.class.path"/>
    <property value="Sun Microsystems Inc." name="java.vendor"/>
    <property value="c:\maven-2.0.2" name="maven.home"/>
    <property value="C:\Documents and Settings\jfuna\.m2\repository" name="localRepository"/>
    <property value="\" name="file.separator"/>
    <property value="http://java.sun.com/cgi-bin/bugreport.cgi" name="java.vendor.url.bug"/>
    <property value="little" name="sun.cpu.endian"/>
    <property value="UnicodeLittle" name="sun.io.unicode.encoding"/>
    <property value="pentium i486 i386" name="sun.cpu.isalist"/>
  </properties>
  <testcase time="0.422" name="testCreateHandler"/>
  <testcase time="0.219" name="testGetExportStorageType">
    <failure type="junit.framework.ComparisonFailure" message="1 expected:&lt;null&gt; but was:&lt;session&gt;">junit.framework.ComparisonFailure: 1 expected:&lt;null&gt; but was:&lt;session&gt;
	at junit.framework.Assert.assertEquals(Assert.java:81)
	at org.seasar.flex2.util.transfer.annotation.handler.AnnotationHandlerFactoryTest.testGetExportStorageType(AnnotationHandlerFactoryTest.java:59)
	at sun.reflect.NativeMethodAccessorImpl.invoke0(Native Method)
	at sun.reflect.NativeMethodAccessorImpl.invoke(NativeMethodAccessorImpl.java:39)
	at sun.reflect.DelegatingMethodAccessorImpl.invoke(DelegatingMethodAccessorImpl.java:25)
	at java.lang.reflect.Method.invoke(Method.java:324)
	at junit.framework.TestCase.runTest(TestCase.java:154)
	at org.seasar.extension.unit.S2TestCase.runTest(S2TestCase.java:89)
	at org.seasar.framework.unit.S2FrameworkTestCase.runBare(S2FrameworkTestCase.java:139)
	at junit.framework.TestResult$1.protect(TestResult.java:106)
	at junit.framework.TestResult.runProtected(TestResult.java:124)
	at junit.framework.TestResult.run(TestResult.java:109)
	at junit.framework.TestCase.run(TestCase.java:118)
	at junit.framework.TestSuite.runTest(TestSuite.java:208)
	at junit.framework.TestSuite.run(TestSuite.java:203)
	at sun.reflect.NativeMethodAccessorImpl.invoke0(Native Method)
	at sun.reflect.NativeMethodAccessorImpl.invoke(NativeMethodAccessorImpl.java:39)
	at sun.reflect.DelegatingMethodAccessorImpl.invoke(DelegatingMethodAccessorImpl.java:25)
	at java.lang.reflect.Method.invoke(Method.java:324)
	at org.apache.maven.surefire.battery.JUnitBattery.executeJUnit(JUnitBattery.java:242)
	at org.apache.maven.surefire.battery.JUnitBattery.execute(JUnitBattery.java:216)
	at org.apache.maven.surefire.Surefire.executeBattery(Surefire.java:215)
	at org.apache.maven.surefire.Surefire.run(Surefire.java:163)
	at org.apache.maven.surefire.Surefire.run(Surefire.java:87)
	at sun.reflect.NativeMethodAccessorImpl.invoke0(Native Method)
	at sun.reflect.NativeMethodAccessorImpl.invoke(NativeMethodAccessorImpl.java:39)
	at sun.reflect.DelegatingMethodAccessorImpl.invoke(DelegatingMethodAccessorImpl.java:25)
	at java.lang.reflect.Method.invoke(Method.java:324)
	at org.apache.maven.surefire.SurefireBooter.runTestsInProcess(SurefireBooter.java:285)
	at org.apache.maven.surefire.SurefireBooter.run(SurefireBooter.java:201)
	at org.apache.maven.test.SurefirePlugin.execute(SurefirePlugin.java:366)
	at org.apache.maven.plugin.DefaultPluginManager.executeMojo(DefaultPluginManager.java:415)
	at org.apache.maven.lifecycle.DefaultLifecycleExecutor.executeGoals(DefaultLifecycleExecutor.java:531)
	at org.apache.maven.lifecycle.DefaultLifecycleExecutor.executeGoalWithLifecycle(DefaultLifecycleExecutor.java:472)
	at org.apache.maven.lifecycle.DefaultLifecycleExecutor.executeGoal(DefaultLifecycleExecutor.java:451)
	at org.apache.maven.lifecycle.DefaultLifecycleExecutor.executeGoalAndHandleFailures(DefaultLifecycleExecutor.java:303)
	at org.apache.maven.lifecycle.DefaultLifecycleExecutor.executeTaskSegments(DefaultLifecycleExecutor.java:270)
	at org.apache.maven.lifecycle.DefaultLifecycleExecutor.execute(DefaultLifecycleExecutor.java:139)
	at org.apache.maven.DefaultMaven.doExecute(DefaultMaven.java:322)
	at org.apache.maven.DefaultMaven.execute(DefaultMaven.java:115)
	at org.apache.maven.cli.MavenCli.main(MavenCli.java:249)
	at sun.reflect.NativeMethodAccessorImpl.invoke0(Native Method)
	at sun.reflect.NativeMethodAccessorImpl.invoke(NativeMethodAccessorImpl.java:39)
	at sun.reflect.DelegatingMethodAccessorImpl.invoke(DelegatingMethodAccessorImpl.java:25)
	at java.lang.reflect.Method.invoke(Method.java:324)
	at org.codehaus.classworlds.Launcher.launchEnhanced(Launcher.java:315)
	at org.codehaus.classworlds.Launcher.launch(Launcher.java:255)
	at org.codehaus.classworlds.Launcher.mainWithExitCode(Launcher.java:430)
	at org.codehaus.classworlds.Launcher.main(Launcher.java:375)
</failure>
  </testcase>
  <testcase time="0.015" name="testGetImportStorageType">
    <failure type="junit.framework.ComparisonFailure" message="1 expected:&lt;null&gt; but was:&lt;session&gt;">junit.framework.ComparisonFailure: 1 expected:&lt;null&gt; but was:&lt;session&gt;
	at junit.framework.Assert.assertEquals(Assert.java:81)
	at org.seasar.flex2.util.transfer.annotation.handler.AnnotationHandlerFactoryTest.testGetImportStorageType(AnnotationHandlerFactoryTest.java:71)
	at sun.reflect.NativeMethodAccessorImpl.invoke0(Native Method)
	at sun.reflect.NativeMethodAccessorImpl.invoke(NativeMethodAccessorImpl.java:39)
	at sun.reflect.DelegatingMethodAccessorImpl.invoke(DelegatingMethodAccessorImpl.java:25)
	at java.lang.reflect.Method.invoke(Method.java:324)
	at junit.framework.TestCase.runTest(TestCase.java:154)
	at org.seasar.extension.unit.S2TestCase.runTest(S2TestCase.java:89)
	at org.seasar.framework.unit.S2FrameworkTestCase.runBare(S2FrameworkTestCase.java:139)
	at junit.framework.TestResult$1.protect(TestResult.java:106)
	at junit.framework.TestResult.runProtected(TestResult.java:124)
	at junit.framework.TestResult.run(TestResult.java:109)
	at junit.framework.TestCase.run(TestCase.java:118)
	at junit.framework.TestSuite.runTest(TestSuite.java:208)
	at junit.framework.TestSuite.run(TestSuite.java:203)
	at sun.reflect.NativeMethodAccessorImpl.invoke0(Native Method)
	at sun.reflect.NativeMethodAccessorImpl.invoke(NativeMethodAccessorImpl.java:39)
	at sun.reflect.DelegatingMethodAccessorImpl.invoke(DelegatingMethodAccessorImpl.java:25)
	at java.lang.reflect.Method.invoke(Method.java:324)
	at org.apache.maven.surefire.battery.JUnitBattery.executeJUnit(JUnitBattery.java:242)
	at org.apache.maven.surefire.battery.JUnitBattery.execute(JUnitBattery.java:216)
	at org.apache.maven.surefire.Surefire.executeBattery(Surefire.java:215)
	at org.apache.maven.surefire.Surefire.run(Surefire.java:163)
	at org.apache.maven.surefire.Surefire.run(Surefire.java:87)
	at sun.reflect.NativeMethodAccessorImpl.invoke0(Native Method)
	at sun.reflect.NativeMethodAccessorImpl.invoke(NativeMethodAccessorImpl.java:39)
	at sun.reflect.DelegatingMethodAccessorImpl.invoke(DelegatingMethodAccessorImpl.java:25)
	at java.lang.reflect.Method.invoke(Method.java:324)
	at org.apache.maven.surefire.SurefireBooter.runTestsInProcess(SurefireBooter.java:285)
	at org.apache.maven.surefire.SurefireBooter.run(SurefireBooter.java:201)
	at org.apache.maven.test.SurefirePlugin.execute(SurefirePlugin.java:366)
	at org.apache.maven.plugin.DefaultPluginManager.executeMojo(DefaultPluginManager.java:415)
	at org.apache.maven.lifecycle.DefaultLifecycleExecutor.executeGoals(DefaultLifecycleExecutor.java:531)
	at org.apache.maven.lifecycle.DefaultLifecycleExecutor.executeGoalWithLifecycle(DefaultLifecycleExecutor.java:472)
	at org.apache.maven.lifecycle.DefaultLifecycleExecutor.executeGoal(DefaultLifecycleExecutor.java:451)
	at org.apache.maven.lifecycle.DefaultLifecycleExecutor.executeGoalAndHandleFailures(DefaultLifecycleExecutor.java:303)
	at org.apache.maven.lifecycle.DefaultLifecycleExecutor.executeTaskSegments(DefaultLifecycleExecutor.java:270)
	at org.apache.maven.lifecycle.DefaultLifecycleExecutor.execute(DefaultLifecycleExecutor.java:139)
	at org.apache.maven.DefaultMaven.doExecute(DefaultMaven.java:322)
	at org.apache.maven.DefaultMaven.execute(DefaultMaven.java:115)
	at org.apache.maven.cli.MavenCli.main(MavenCli.java:249)
	at sun.reflect.NativeMethodAccessorImpl.invoke0(Native Method)
	at sun.reflect.NativeMethodAccessorImpl.invoke(NativeMethodAccessorImpl.java:39)
	at sun.reflect.DelegatingMethodAccessorImpl.invoke(DelegatingMethodAccessorImpl.java:25)
	at java.lang.reflect.Method.invoke(Method.java:324)
	at org.codehaus.classworlds.Launcher.launchEnhanced(Launcher.java:315)
	at org.codehaus.classworlds.Launcher.launch(Launcher.java:255)
	at org.codehaus.classworlds.Launcher.mainWithExitCode(Launcher.java:430)
	at org.codehaus.classworlds.Launcher.main(Launcher.java:375)
</failure>
  </testcase>
</testsuite>